
3866592 : 0x2ae30097042e23 : 1 : spill_jit_data :  Jit agent is not initialized
3866547 : 0x2ae3009704e2bf : 2 : ittapi_config_mask_get :  --itt-config mask to be applied: 55
3866547 : 0x2ae30097056f9f : 2 : ittapi_config_apply_per_lib :  ITTAPI function instrumented: __itt_domain_create
3866547 : 0x2ae300970596c3 : 2 : ittapi_config_apply_per_lib :  ITTAPI function instrumented: __itt_module_load_with_sections
3866547 : 0x2ae3009705b475 : 2 : ittapi_config_apply_per_lib :  ITTAPI function not implemented: __itt_module_unload_with_sections
3866547 : 0x2ae3009705c823 : 2 : ittapi_config_apply_per_lib :  ITTAPI function instrumented: __itt_string_handle_create
3866547 : 0x2ae3009705d811 : 2 : ittapi_config_apply_per_lib :  ITTAPI function instrumented: __itt_counter_create
3866547 : 0x2ae3009705e6bb : 2 : ittapi_config_apply_per_lib :  ITTAPI function instrumented: __itt_counter_create_typed
3866547 : 0x2ae3009705f44b : 2 : ittapi_config_apply_per_lib :  ITTAPI function instrumented: __itt_pause
3866547 : 0x2ae30097060651 : 2 : ittapi_config_apply_per_lib :  ITTAPI function instrumented: __itt_resume
3866547 : 0x2ae300970786cb : 2 : ittapi_config_apply_per_lib :  ITTAPI function not implemented: __itt_pause_scoped
3866547 : 0x2ae30097079a8d : 2 : ittapi_config_apply_per_lib :  ITTAPI function not implemented: __itt_resume_scoped
3866547 : 0x2ae3009707a9bb : 2 : ittapi_config_apply_per_lib :  ITTAPI function instrumented: __itt_thread_set_name
3866547 : 0x2ae3009707b76b : 2 : ittapi_config_apply_per_lib :  ITTAPI function instrumented: __itt_thread_ignore
3866547 : 0x2ae3009707c663 : 2 : ittapi_config_apply_per_lib :  ITTAPI function instrumented: __itt_thr_name_set
3866547 : 0x2ae3009707d471 : 2 : ittapi_config_apply_per_lib :  ITTAPI function instrumented: __itt_thr_ignore
3866547 : 0x2ae3009707e38d : 2 : ittapi_config_apply_per_lib :  ITTAPI function instrumented: __itt_histogram_create
3866547 : 0x2ae3009707ef75 : 2 : ittapi_config_apply_per_lib :  ITTAPI function instrumented: __itt_counter_create_v3
3866547 : 0x2ae3009707fcfb : 2 : ittapi_config_apply_per_lib :  ITTAPI function instrumented: __itt_bind_context_metadata_to_counter
3866547 : 0x2ae30097080e13 : 2 : ittapi_config_apply_per_lib :  ITTAPI function not implemented: __itt_enable_attach
3866547 : 0x2ae30097085ecd : 2 : ittapi_config_apply_per_lib :  ITTAPI function instrumented: __itt_detach
3866547 : 0x2ae3009708680b : 2 : ittapi_config_apply_per_lib :  ITTAPI function NOT instrumented (not matched by --itt-config option): __itt_sync_create

3866547 : 0x2ae30097087067 : 2 : ittapi_config_apply_per_lib :  ITTAPI function NOT instrumented (not matched by --itt-config option): __itt_sync_rename

3866547 : 0x2ae30097087753 : 2 : ittapi_config_apply_per_lib :  ITTAPI function NOT instrumented (not matched by --itt-config option): __itt_sync_destroy

3866547 : 0x2ae30097087dd7 : 2 : ittapi_config_apply_per_lib :  ITTAPI function NOT instrumented (not matched by --itt-config option): __itt_sync_prepare

3866547 : 0x2ae30097088391 : 2 : ittapi_config_apply_per_lib :  ITTAPI function NOT instrumented (not matched by --itt-config option): __itt_sync_cancel

3866547 : 0x2ae300970888d3 : 2 : ittapi_config_apply_per_lib :  ITTAPI function NOT instrumented (not matched by --itt-config option): __itt_sync_acquired

3866547 : 0x2ae30097088e3f : 2 : ittapi_config_apply_per_lib :  ITTAPI function NOT instrumented (not matched by --itt-config option): __itt_sync_releasing

3866547 : 0x2ae30097089dd1 : 2 : ittapi_config_apply_per_lib :  ITTAPI function not implemented: __itt_suppress_push
3866547 : 0x2ae3009708b14b : 2 : ittapi_config_apply_per_lib :  ITTAPI function not implemented: __itt_suppress_pop
3866547 : 0x2ae3009708f3c9 : 2 : ittapi_config_apply_per_lib :  ITTAPI function not implemented: __itt_suppress_mark_range
3866547 : 0x2ae300970905ab : 2 : ittapi_config_apply_per_lib :  ITTAPI function not implemented: __itt_suppress_clear_range
3866547 : 0x2ae30097090baf : 2 : ittapi_config_apply_per_lib :  ITTAPI function NOT instrumented (not matched by --itt-config option): __itt_sync_prepare

3866547 : 0x2ae3009709115f : 2 : ittapi_config_apply_per_lib :  ITTAPI function NOT instrumented (not matched by --itt-config option): __itt_sync_cancel

3866547 : 0x2ae300970916c7 : 2 : ittapi_config_apply_per_lib :  ITTAPI function NOT instrumented (not matched by --itt-config option): __itt_sync_acquired

3866547 : 0x2ae30097091c0f : 2 : ittapi_config_apply_per_lib :  ITTAPI function NOT instrumented (not matched by --itt-config option): __itt_sync_releasing

3866547 : 0x2ae300970921bb : 2 : ittapi_config_apply_per_lib :  ITTAPI function NOT instrumented (not matched by --itt-config option): __itt_model_site_begin

3866547 : 0x2ae300970927b3 : 2 : ittapi_config_apply_per_lib :  ITTAPI function NOT instrumented (not matched by --itt-config option): __itt_model_site_end

3866547 : 0x2ae30097092d17 : 2 : ittapi_config_apply_per_lib :  ITTAPI function NOT instrumented (not matched by --itt-config option): __itt_model_task_begin

3866547 : 0x2ae30097093269 : 2 : ittapi_config_apply_per_lib :  ITTAPI function NOT instrumented (not matched by --itt-config option): __itt_model_task_end

3866547 : 0x2ae30097098957 : 2 : ittapi_config_apply_per_lib :  ITTAPI function NOT instrumented (not matched by --itt-config option): __itt_model_lock_acquire

3866547 : 0x2ae3009709900f : 2 : ittapi_config_apply_per_lib :  ITTAPI function NOT instrumented (not matched by --itt-config option): __itt_model_lock_release

3866547 : 0x2ae3009709958d : 2 : ittapi_config_apply_per_lib :  ITTAPI function NOT instrumented (not matched by --itt-config option): __itt_model_record_allocation

3866547 : 0x2ae30097099ca9 : 2 : ittapi_config_apply_per_lib :  ITTAPI function NOT instrumented (not matched by --itt-config option): __itt_model_record_deallocation

3866547 : 0x2ae3009709a22d : 2 : ittapi_config_apply_per_lib :  ITTAPI function NOT instrumented (not matched by --itt-config option): __itt_model_induction_uses

3866547 : 0x2ae3009709b30f : 2 : ittapi_config_apply_per_lib :  ITTAPI function NOT instrumented (not matched by --itt-config option): __itt_model_reduction_uses

3866547 : 0x2ae3009709b8d1 : 2 : ittapi_config_apply_per_lib :  ITTAPI function NOT instrumented (not matched by --itt-config option): __itt_model_observe_uses

3866547 : 0x2ae3009709bde5 : 2 : ittapi_config_apply_per_lib :  ITTAPI function NOT instrumented (not matched by --itt-config option): __itt_model_clear_uses

3866547 : 0x2ae3009709c2fb : 2 : ittapi_config_apply_per_lib :  ITTAPI function NOT instrumented (not matched by --itt-config option): __itt_model_site_beginA

3866547 : 0x2ae3009709c7fd : 2 : ittapi_config_apply_per_lib :  ITTAPI function NOT instrumented (not matched by --itt-config option): __itt_model_site_beginAL

3866547 : 0x2ae3009709fdfd : 2 : ittapi_config_apply_per_lib :  ITTAPI function NOT instrumented (not matched by --itt-config option): __itt_model_task_beginA

3866547 : 0x2ae300970a0583 : 2 : ittapi_config_apply_per_lib :  ITTAPI function NOT instrumented (not matched by --itt-config option): __itt_model_task_beginAL

3866547 : 0x2ae300970a0c09 : 2 : ittapi_config_apply_per_lib :  ITTAPI function NOT instrumented (not matched by --itt-config option): __itt_model_iteration_taskA

3866547 : 0x2ae300970a12c1 : 2 : ittapi_config_apply_per_lib :  ITTAPI function NOT instrumented (not matched by --itt-config option): __itt_model_iteration_taskAL

3866547 : 0x2ae300970a1945 : 2 : ittapi_config_apply_per_lib :  ITTAPI function NOT instrumented (not matched by --itt-config option): __itt_model_site_end_2

3866547 : 0x2ae300970a1fa9 : 2 : ittapi_config_apply_per_lib :  ITTAPI function NOT instrumented (not matched by --itt-config option): __itt_model_task_end_2

3866547 : 0x2ae300970a256b : 2 : ittapi_config_apply_per_lib :  ITTAPI function NOT instrumented (not matched by --itt-config option): __itt_model_lock_acquire_2

3866547 : 0x2ae300970a2af1 : 2 : ittapi_config_apply_per_lib :  ITTAPI function NOT instrumented (not matched by --itt-config option): __itt_model_lock_release_2

3866547 : 0x2ae300970a30b7 : 2 : ittapi_config_apply_per_lib :  ITTAPI function NOT instrumented (not matched by --itt-config option): __itt_model_aggregate_task

3866547 : 0x2ae300970a36bb : 2 : ittapi_config_apply_per_lib :  ITTAPI function NOT instrumented (not matched by --itt-config option): __itt_model_disable_push

3866547 : 0x2ae300970a7c17 : 2 : ittapi_config_apply_per_lib :  ITTAPI function NOT instrumented (not matched by --itt-config option): __itt_model_disable_pop

3866547 : 0x2ae300970a8c19 : 2 : ittapi_config_apply_per_lib :  ITTAPI function instrumented: __itt_heap_function_create
3866547 : 0x2ae300970a9a93 : 2 : ittapi_config_apply_per_lib :  ITTAPI function instrumented: __itt_heap_allocate_begin
3866547 : 0x2ae300970aa789 : 2 : ittapi_config_apply_per_lib :  ITTAPI function instrumented: __itt_heap_allocate_end
3866547 : 0x2ae300970ab551 : 2 : ittapi_config_apply_per_lib :  ITTAPI function instrumented: __itt_heap_free_begin
3866547 : 0x2ae300970ac233 : 2 : ittapi_config_apply_per_lib :  ITTAPI function instrumented: __itt_heap_free_end
3866547 : 0x2ae300970ace21 : 2 : ittapi_config_apply_per_lib :  ITTAPI function instrumented: __itt_heap_reallocate_begin
3866547 : 0x2ae300970adb5f : 2 : ittapi_config_apply_per_lib :  ITTAPI function instrumented: __itt_heap_reallocate_end
3866547 : 0x2ae300970aeae1 : 2 : ittapi_config_apply_per_lib :  ITTAPI function not implemented: __itt_heap_internal_access_begin
3866547 : 0x2ae300970afa2d : 2 : ittapi_config_apply_per_lib :  ITTAPI function not implemented: __itt_heap_internal_access_end
3866547 : 0x2ae300970b414b : 2 : ittapi_config_apply_per_lib :  ITTAPI function not implemented: __itt_heap_record_memory_growth_begin
3866547 : 0x2ae300970b5051 : 2 : ittapi_config_apply_per_lib :  ITTAPI function not implemented: __itt_heap_record_memory_growth_end
3866547 : 0x2ae300970b6001 : 2 : ittapi_config_apply_per_lib :  ITTAPI function not implemented: __itt_heap_reset_detection
3866547 : 0x2ae300970b71a9 : 2 : ittapi_config_apply_per_lib :  ITTAPI function not implemented: __itt_heap_record
3866547 : 0x2ae300970b8085 : 2 : ittapi_config_apply_per_lib :  ITTAPI function not implemented: __itt_id_create
3866547 : 0x2ae300970b909f : 2 : ittapi_config_apply_per_lib :  ITTAPI function not implemented: __itt_id_destroy
3866547 : 0x2ae300970b9d7f : 2 : ittapi_config_apply_per_lib :  ITTAPI function instrumented: __itt_get_timestamp
3866547 : 0x2ae300970baabd : 2 : ittapi_config_apply_per_lib :  ITTAPI function not implemented: __itt_region_begin
3866547 : 0x2ae300970bb83d : 2 : ittapi_config_apply_per_lib :  ITTAPI function not implemented: __itt_region_end
3866547 : 0x2ae300970bc6a9 : 2 : ittapi_config_apply_per_lib :  ITTAPI function instrumented: __itt_frame_begin_v3
3866547 : 0x2ae300970c04bf : 2 : ittapi_config_apply_per_lib :  ITTAPI function instrumented: __itt_frame_end_v3
3866547 : 0x2ae300970c125d : 2 : ittapi_config_apply_per_lib :  ITTAPI function instrumented: __itt_frame_submit_v3
3866547 : 0x2ae300970c207d : 2 : ittapi_config_apply_per_lib :  ITTAPI function not implemented: __itt_task_group
3866547 : 0x2ae300970c2cfb : 2 : ittapi_config_apply_per_lib :  ITTAPI function instrumented: __itt_task_begin
3866547 : 0x2ae300970c3901 : 2 : ittapi_config_apply_per_lib :  ITTAPI function instrumented: __itt_task_begin_fn
3866547 : 0x2ae300970c44b3 : 2 : ittapi_config_apply_per_lib :  ITTAPI function instrumented: __itt_task_end
3866547 : 0x2ae300970c5223 : 2 : ittapi_config_apply_per_lib :  ITTAPI function not implemented: __itt_counter_inc_v3
3866547 : 0x2ae300970c6025 : 2 : ittapi_config_apply_per_lib :  ITTAPI function not implemented: __itt_counter_inc_delta_v3
3866547 : 0x2ae300970c6c6b : 2 : ittapi_config_apply_per_lib :  ITTAPI function not implemented: __itt_counter_dec_v3
3866547 : 0x2ae300970c7949 : 2 : ittapi_config_apply_per_lib :  ITTAPI function not implemented: __itt_counter_dec_delta_v3
3866547 : 0x2ae300970cd52f : 2 : ittapi_config_apply_per_lib :  ITTAPI function not implemented: __itt_marker
3866547 : 0x2ae300970ce271 : 2 : ittapi_config_apply_per_lib :  ITTAPI function instrumented: __itt_metadata_add
3866547 : 0x2ae300970cfb63 : 2 : ittapi_config_apply_per_lib :  ITTAPI function not implemented: __itt_metadata_str_add
3866547 : 0x2ae300970d0987 : 2 : ittapi_config_apply_per_lib :  ITTAPI function not implemented: __itt_relation_add_to_current
3866547 : 0x2ae300970d168f : 2 : ittapi_config_apply_per_lib :  ITTAPI function not implemented: __itt_relation_add
3866547 : 0x2ae300970d22c3 : 2 : ittapi_config_apply_per_lib :  ITTAPI function instrumented: __itt_event_create
3866547 : 0x2ae300970d2e95 : 2 : ittapi_config_apply_per_lib :  ITTAPI function instrumented: __itt_event_start
3866547 : 0x2ae300970d3a3f : 2 : ittapi_config_apply_per_lib :  ITTAPI function instrumented: __itt_event_end
3866547 : 0x2ae300970d40a9 : 2 : ittapi_config_apply_per_lib :  ITTAPI function NOT instrumented (not matched by --itt-config option): __itt_sync_set_name

3866547 : 0x2ae300970d473b : 2 : ittapi_config_apply_per_lib :  ITTAPI function NOT instrumented (not matched by --itt-config option): __itt_notify_sync_name

3866547 : 0x2ae300970d8cbd : 2 : ittapi_config_apply_per_lib :  ITTAPI function NOT instrumented (not matched by --itt-config option): __itt_notify_sync_prepare

3866547 : 0x2ae300970d93af : 2 : ittapi_config_apply_per_lib :  ITTAPI function NOT instrumented (not matched by --itt-config option): __itt_notify_sync_cancel

3866547 : 0x2ae300970d9997 : 2 : ittapi_config_apply_per_lib :  ITTAPI function NOT instrumented (not matched by --itt-config option): __itt_notify_sync_acquired

3866547 : 0x2ae300970d9f7d : 2 : ittapi_config_apply_per_lib :  ITTAPI function NOT instrumented (not matched by --itt-config option): __itt_notify_sync_releasing

3866547 : 0x2ae300970db089 : 2 : ittapi_config_apply_per_lib :  ITTAPI function not implemented: __itt_memory_read
3866547 : 0x2ae300970dbfef : 2 : ittapi_config_apply_per_lib :  ITTAPI function not implemented: __itt_memory_write
3866547 : 0x2ae300970dd07b : 2 : ittapi_config_apply_per_lib :  ITTAPI function not implemented: __itt_memory_update
3866547 : 0x2ae300970ddee9 : 2 : ittapi_config_apply_per_lib :  ITTAPI function not implemented: __itt_state_get
3866547 : 0x2ae300970dedb3 : 2 : ittapi_config_apply_per_lib :  ITTAPI function not implemented: __itt_state_set
3866547 : 0x2ae300970e0039 : 2 : ittapi_config_apply_per_lib :  ITTAPI function not implemented: __itt_obj_mode_set
3866547 : 0x2ae300970e4127 : 2 : ittapi_config_apply_per_lib :  ITTAPI function not implemented: __itt_thr_mode_set
3866547 : 0x2ae300970e4f3b : 2 : ittapi_config_apply_per_lib :  ITTAPI function instrumented: __itt_frame_create
3866547 : 0x2ae300970e5bb7 : 2 : ittapi_config_apply_per_lib :  ITTAPI function instrumented: __itt_pt_region_create
3866547 : 0x2ae300970e6b01 : 2 : ittapi_config_apply_per_lib :  ITTAPI function instrumented: __itt_frame_begin
3866547 : 0x2ae300970e7a23 : 2 : ittapi_config_apply_per_lib :  ITTAPI function instrumented: __itt_frame_end
3866547 : 0x2ae300970e8845 : 2 : ittapi_config_apply_per_lib :  ITTAPI function not implemented: __itt_counter_destroy
3866547 : 0x2ae300970e95d7 : 2 : ittapi_config_apply_per_lib :  ITTAPI function instrumented: __itt_counter_inc
3866547 : 0x2ae300970ea18d : 2 : ittapi_config_apply_per_lib :  ITTAPI function instrumented: __itt_counter_inc_delta
3866547 : 0x2ae300970ead9f : 2 : ittapi_config_apply_per_lib :  ITTAPI function instrumented: __itt_counter_dec
3866547 : 0x2ae300970eba75 : 2 : ittapi_config_apply_per_lib :  ITTAPI function instrumented: __itt_counter_dec_delta
3866547 : 0x2ae300970efeeb : 2 : ittapi_config_apply_per_lib :  ITTAPI function instrumented: __itt_counter_set_value
3866547 : 0x2ae300970f0dcb : 2 : ittapi_config_apply_per_lib :  ITTAPI function not implemented: __itt_counter_set_value_ex
3866547 : 0x2ae300970f1b3f : 2 : ittapi_config_apply_per_lib :  ITTAPI function not implemented: __itt_mark_create
3866547 : 0x2ae300970f2b17 : 2 : ittapi_config_apply_per_lib :  ITTAPI function not implemented: __itt_mark
3866547 : 0x2ae300970f3a81 : 2 : ittapi_config_apply_per_lib :  ITTAPI function not implemented: __itt_mark_off
3866547 : 0x2ae300970f490d : 2 : ittapi_config_apply_per_lib :  ITTAPI function not implemented: __itt_mark_global
3866547 : 0x2ae300970f5991 : 2 : ittapi_config_apply_per_lib :  ITTAPI function not implemented: __itt_mark_global_off
3866547 : 0x2ae300970f68e7 : 2 : ittapi_config_apply_per_lib :  ITTAPI function instrumented: __itt_stack_caller_create
3866547 : 0x2ae300970f75dd : 2 : ittapi_config_apply_per_lib :  ITTAPI function instrumented: __itt_stack_caller_destroy
3866547 : 0x2ae300970f8145 : 2 : ittapi_config_apply_per_lib :  ITTAPI function instrumented: __itt_stack_callee_enter
3866547 : 0x2ae300970fcc19 : 2 : ittapi_config_apply_per_lib :  ITTAPI function instrumented: __itt_stack_callee_leave
3866547 : 0x2ae300970fdafd : 2 : ittapi_config_apply_per_lib :  ITTAPI function not implemented: __itt_clock_domain_create
3866547 : 0x2ae300970fe9b1 : 2 : ittapi_config_apply_per_lib :  ITTAPI function not implemented: __itt_clock_domain_reset
3866547 : 0x2ae300970ff7b5 : 2 : ittapi_config_apply_per_lib :  ITTAPI function not implemented: __itt_id_create_ex
3866547 : 0x2ae30097100501 : 2 : ittapi_config_apply_per_lib :  ITTAPI function not implemented: __itt_id_destroy_ex
3866547 : 0x2ae300971012ed : 2 : ittapi_config_apply_per_lib :  ITTAPI function not implemented: __itt_task_begin_ex
3866547 : 0x2ae30097101feb : 2 : ittapi_config_apply_per_lib :  ITTAPI function not implemented: __itt_task_begin_fn_ex
3866547 : 0x2ae30097102ce1 : 2 : ittapi_config_apply_per_lib :  ITTAPI function not implemented: __itt_task_end_ex
3866547 : 0x2ae30097103ad7 : 2 : ittapi_config_apply_per_lib :  ITTAPI function instrumented: __itt_task_begin_overlapped
3866547 : 0x2ae30097104913 : 2 : ittapi_config_apply_per_lib :  ITTAPI function not implemented: __itt_task_begin_overlapped_ex
3866547 : 0x2ae300971099a7 : 2 : ittapi_config_apply_per_lib :  ITTAPI function instrumented: __itt_task_end_overlapped
3866547 : 0x2ae3009710a7af : 2 : ittapi_config_apply_per_lib :  ITTAPI function not implemented: __itt_task_end_overlapped_ex
3866547 : 0x2ae3009710b47b : 2 : ittapi_config_apply_per_lib :  ITTAPI function not implemented: __itt_marker_ex
3866547 : 0x2ae3009710c3d5 : 2 : ittapi_config_apply_per_lib :  ITTAPI function not implemented: __itt_metadata_add_with_scope
3866547 : 0x2ae3009710d259 : 2 : ittapi_config_apply_per_lib :  ITTAPI function not implemented: __itt_metadata_str_add_with_scope
3866547 : 0x2ae3009710e021 : 2 : ittapi_config_apply_per_lib :  ITTAPI function not implemented: __itt_relation_add_to_current_ex
3866547 : 0x2ae3009710ecbd : 2 : ittapi_config_apply_per_lib :  ITTAPI function not implemented: __itt_relation_add_ex
3866547 : 0x2ae3009710f9cb : 2 : ittapi_config_apply_per_lib :  ITTAPI function not implemented: __itt_track_group_create
3866547 : 0x2ae30097110637 : 2 : ittapi_config_apply_per_lib :  ITTAPI function not implemented: __itt_track_create
3866547 : 0x2ae3009711135f : 2 : ittapi_config_apply_per_lib :  ITTAPI function not implemented: __itt_set_track
3866547 : 0x2ae300971153cb : 2 : ittapi_config_apply_per_lib :  ITTAPI function instrumented: __itt_api_version
3866547 : 0x2ae300971161e3 : 2 : ittapi_config_apply_per_lib :  ITTAPI function not implemented: __itt_av_save
3866547 : 0x2ae30097116f53 : 2 : ittapi_config_apply_per_lib :  ITTAPI function instrumented: __itt_module_load
3866547 : 0x2ae30097117c99 : 2 : ittapi_config_apply_per_lib :  ITTAPI function not implemented: __itt_module_unload
3866547 : 0x2ae30097118371 : 2 : ittapi_config_apply_per_lib :  ITTAPI function NOT instrumented (not matched by --itt-config option): __itt_histogram_submit

3866547 : 0x2ae300971190cd : 2 : ittapi_config_apply_per_lib :  ITTAPI function instrumented: __itt_counter_set_value_v3