
3874962 : 0x2b5e45a411618f : 1 : spill_jit_data :  Jit agent is not initialized
3874925 : 0x2b5e45a4121581 : 2 : ittapi_config_mask_get :  --itt-config mask to be applied: 55
3874925 : 0x2b5e45a4128a27 : 2 : ittapi_config_apply_per_lib :  ITTAPI function instrumented: __itt_domain_create
3874925 : 0x2b5e45a412acbd : 2 : ittapi_config_apply_per_lib :  ITTAPI function instrumented: __itt_module_load_with_sections
3874925 : 0x2b5e45a412cd77 : 2 : ittapi_config_apply_per_lib :  ITTAPI function not implemented: __itt_module_unload_with_sections
3874925 : 0x2b5e45a412e47b : 2 : ittapi_config_apply_per_lib :  ITTAPI function instrumented: __itt_string_handle_create
3874925 : 0x2b5e45a412f4ad : 2 : ittapi_config_apply_per_lib :  ITTAPI function instrumented: __itt_counter_create
3874925 : 0x2b5e45a41302df : 2 : ittapi_config_apply_per_lib :  ITTAPI function instrumented: __itt_counter_create_typed
3874925 : 0x2b5e45a413101f : 2 : ittapi_config_apply_per_lib :  ITTAPI function instrumented: __itt_pause
3874925 : 0x2b5e45a4131e37 : 2 : ittapi_config_apply_per_lib :  ITTAPI function instrumented: __itt_resume
3874925 : 0x2b5e45a4147dad : 2 : ittapi_config_apply_per_lib :  ITTAPI function not implemented: __itt_pause_scoped
3874925 : 0x2b5e45a4149205 : 2 : ittapi_config_apply_per_lib :  ITTAPI function not implemented: __itt_resume_scoped
3874925 : 0x2b5e45a414a0f7 : 2 : ittapi_config_apply_per_lib :  ITTAPI function instrumented: __itt_thread_set_name
3874925 : 0x2b5e45a414add1 : 2 : ittapi_config_apply_per_lib :  ITTAPI function instrumented: __itt_thread_ignore
3874925 : 0x2b5e45a414badb : 2 : ittapi_config_apply_per_lib :  ITTAPI function instrumented: __itt_thr_name_set
3874925 : 0x2b5e45a414cad3 : 2 : ittapi_config_apply_per_lib :  ITTAPI function instrumented: __itt_thr_ignore
3874925 : 0x2b5e45a414d895 : 2 : ittapi_config_apply_per_lib :  ITTAPI function instrumented: __itt_histogram_create
3874925 : 0x2b5e45a414e4bd : 2 : ittapi_config_apply_per_lib :  ITTAPI function instrumented: __itt_counter_create_v3
3874925 : 0x2b5e45a414f1df : 2 : ittapi_config_apply_per_lib :  ITTAPI function instrumented: __itt_bind_context_metadata_to_counter
3874925 : 0x2b5e45a415014f : 2 : ittapi_config_apply_per_lib :  ITTAPI function not implemented: __itt_enable_attach
3874925 : 0x2b5e45a41556c3 : 2 : ittapi_config_apply_per_lib :  ITTAPI function instrumented: __itt_detach
3874925 : 0x2b5e45a4155e89 : 2 : ittapi_config_apply_per_lib :  ITTAPI function NOT instrumented (not matched by --itt-config option): __itt_sync_create

3874925 : 0x2b5e45a41566a7 : 2 : ittapi_config_apply_per_lib :  ITTAPI function NOT instrumented (not matched by --itt-config option): __itt_sync_rename

3874925 : 0x2b5e45a4156d3d : 2 : ittapi_config_apply_per_lib :  ITTAPI function NOT instrumented (not matched by --itt-config option): __itt_sync_destroy

3874925 : 0x2b5e45a41574c7 : 2 : ittapi_config_apply_per_lib :  ITTAPI function NOT instrumented (not matched by --itt-config option): __itt_sync_prepare

3874925 : 0x2b5e45a4157a85 : 2 : ittapi_config_apply_per_lib :  ITTAPI function NOT instrumented (not matched by --itt-config option): __itt_sync_cancel

3874925 : 0x2b5e45a4157fbf : 2 : ittapi_config_apply_per_lib :  ITTAPI function NOT instrumented (not matched by --itt-config option): __itt_sync_acquired

3874925 : 0x2b5e45a4158651 : 2 : ittapi_config_apply_per_lib :  ITTAPI function NOT instrumented (not matched by --itt-config option): __itt_sync_releasing

3874925 : 0x2b5e45a415973b : 2 : ittapi_config_apply_per_lib :  ITTAPI function not implemented: __itt_suppress_push
3874925 : 0x2b5e45a415abad : 2 : ittapi_config_apply_per_lib :  ITTAPI function not implemented: __itt_suppress_pop
3874925 : 0x2b5e45a415f791 : 2 : ittapi_config_apply_per_lib :  ITTAPI function not implemented: __itt_suppress_mark_range
3874925 : 0x2b5e45a4160b5d : 2 : ittapi_config_apply_per_lib :  ITTAPI function not implemented: __itt_suppress_clear_range
3874925 : 0x2b5e45a4161283 : 2 : ittapi_config_apply_per_lib :  ITTAPI function NOT instrumented (not matched by --itt-config option): __itt_sync_prepare

3874925 : 0x2b5e45a4161947 : 2 : ittapi_config_apply_per_lib :  ITTAPI function NOT instrumented (not matched by --itt-config option): __itt_sync_cancel

3874925 : 0x2b5e45a4161f85 : 2 : ittapi_config_apply_per_lib :  ITTAPI function NOT instrumented (not matched by --itt-config option): __itt_sync_acquired

3874925 : 0x2b5e45a41626a9 : 2 : ittapi_config_apply_per_lib :  ITTAPI function NOT instrumented (not matched by --itt-config option): __itt_sync_releasing

3874925 : 0x2b5e45a4162c79 : 2 : ittapi_config_apply_per_lib :  ITTAPI function NOT instrumented (not matched by --itt-config option): __itt_model_site_begin

3874925 : 0x2b5e45a416325b : 2 : ittapi_config_apply_per_lib :  ITTAPI function NOT instrumented (not matched by --itt-config option): __itt_model_site_end

3874925 : 0x2b5e45a4163a51 : 2 : ittapi_config_apply_per_lib :  ITTAPI function NOT instrumented (not matched by --itt-config option): __itt_model_task_begin

3874925 : 0x2b5e45a416416f : 2 : ittapi_config_apply_per_lib :  ITTAPI function NOT instrumented (not matched by --itt-config option): __itt_model_task_end

3874925 : 0x2b5e45a416a255 : 2 : ittapi_config_apply_per_lib :  ITTAPI function NOT instrumented (not matched by --itt-config option): __itt_model_lock_acquire

3874925 : 0x2b5e45a416ab25 : 2 : ittapi_config_apply_per_lib :  ITTAPI function NOT instrumented (not matched by --itt-config option): __itt_model_lock_release

3874925 : 0x2b5e45a416b261 : 2 : ittapi_config_apply_per_lib :  ITTAPI function NOT instrumented (not matched by --itt-config option): __itt_model_record_allocation

3874925 : 0x2b5e45a416b89f : 2 : ittapi_config_apply_per_lib :  ITTAPI function NOT instrumented (not matched by --itt-config option): __itt_model_record_deallocation

3874925 : 0x2b5e45a416bf93 : 2 : ittapi_config_apply_per_lib :  ITTAPI function NOT instrumented (not matched by --itt-config option): __itt_model_induction_uses

3874925 : 0x2b5e45a416c62b : 2 : ittapi_config_apply_per_lib :  ITTAPI function NOT instrumented (not matched by --itt-config option): __itt_model_reduction_uses

3874925 : 0x2b5e45a416cd2b : 2 : ittapi_config_apply_per_lib :  ITTAPI function NOT instrumented (not matched by --itt-config option): __itt_model_observe_uses

3874925 : 0x2b5e45a416d3e3 : 2 : ittapi_config_apply_per_lib :  ITTAPI function NOT instrumented (not matched by --itt-config option): __itt_model_clear_uses

3874925 : 0x2b5e45a416da4f : 2 : ittapi_config_apply_per_lib :  ITTAPI function NOT instrumented (not matched by --itt-config option): __itt_model_site_beginA

3874925 : 0x2b5e45a416e0ed : 2 : ittapi_config_apply_per_lib :  ITTAPI function NOT instrumented (not matched by --itt-config option): __itt_model_site_beginAL

3874925 : 0x2b5e45a4171b77 : 2 : ittapi_config_apply_per_lib :  ITTAPI function NOT instrumented (not matched by --itt-config option): __itt_model_task_beginA

3874925 : 0x2b5e45a4172221 : 2 : ittapi_config_apply_per_lib :  ITTAPI function NOT instrumented (not matched by --itt-config option): __itt_model_task_beginAL

3874925 : 0x2b5e45a4172857 : 2 : ittapi_config_apply_per_lib :  ITTAPI function NOT instrumented (not matched by --itt-config option): __itt_model_iteration_taskA

3874925 : 0x2b5e45a4172e83 : 2 : ittapi_config_apply_per_lib :  ITTAPI function NOT instrumented (not matched by --itt-config option): __itt_model_iteration_taskAL

3874925 : 0x2b5e45a417344b : 2 : ittapi_config_apply_per_lib :  ITTAPI function NOT instrumented (not matched by --itt-config option): __itt_model_site_end_2

3874925 : 0x2b5e45a41739f3 : 2 : ittapi_config_apply_per_lib :  ITTAPI function NOT instrumented (not matched by --itt-config option): __itt_model_task_end_2

3874925 : 0x2b5e45a4173fb5 : 2 : ittapi_config_apply_per_lib :  ITTAPI function NOT instrumented (not matched by --itt-config option): __itt_model_lock_acquire_2

3874925 : 0x2b5e45a417457b : 2 : ittapi_config_apply_per_lib :  ITTAPI function NOT instrumented (not matched by --itt-config option): __itt_model_lock_release_2

3874925 : 0x2b5e45a4174b97 : 2 : ittapi_config_apply_per_lib :  ITTAPI function NOT instrumented (not matched by --itt-config option): __itt_model_aggregate_task

3874925 : 0x2b5e45a4175105 : 2 : ittapi_config_apply_per_lib :  ITTAPI function NOT instrumented (not matched by --itt-config option): __itt_model_disable_push

3874925 : 0x2b5e45a417b3f1 : 2 : ittapi_config_apply_per_lib :  ITTAPI function NOT instrumented (not matched by --itt-config option): __itt_model_disable_pop

3874925 : 0x2b5e45a417c729 : 2 : ittapi_config_apply_per_lib :  ITTAPI function instrumented: __itt_heap_function_create
3874925 : 0x2b5e45a417d541 : 2 : ittapi_config_apply_per_lib :  ITTAPI function instrumented: __itt_heap_allocate_begin
3874925 : 0x2b5e45a417e165 : 2 : ittapi_config_apply_per_lib :  ITTAPI function instrumented: __itt_heap_allocate_end
3874925 : 0x2b5e45a417f623 : 2 : ittapi_config_apply_per_lib :  ITTAPI function instrumented: __itt_heap_free_begin
3874925 : 0x2b5e45a418036f : 2 : ittapi_config_apply_per_lib :  ITTAPI function instrumented: __itt_heap_free_end
3874925 : 0x2b5e45a4180fd9 : 2 : ittapi_config_apply_per_lib :  ITTAPI function instrumented: __itt_heap_reallocate_begin
3874925 : 0x2b5e45a4181bd1 : 2 : ittapi_config_apply_per_lib :  ITTAPI function instrumented: __itt_heap_reallocate_end
3874925 : 0x2b5e45a4182a5b : 2 : ittapi_config_apply_per_lib :  ITTAPI function not implemented: __itt_heap_internal_access_begin
3874925 : 0x2b5e45a4183927 : 2 : ittapi_config_apply_per_lib :  ITTAPI function not implemented: __itt_heap_internal_access_end
3874925 : 0x2b5e45a41879b5 : 2 : ittapi_config_apply_per_lib :  ITTAPI function not implemented: __itt_heap_record_memory_growth_begin
3874925 : 0x2b5e45a4188a01 : 2 : ittapi_config_apply_per_lib :  ITTAPI function not implemented: __itt_heap_record_memory_growth_end
3874925 : 0x2b5e45a418998b : 2 : ittapi_config_apply_per_lib :  ITTAPI function not implemented: __itt_heap_reset_detection
3874925 : 0x2b5e45a418aa29 : 2 : ittapi_config_apply_per_lib :  ITTAPI function not implemented: __itt_heap_record
3874925 : 0x2b5e45a418b923 : 2 : ittapi_config_apply_per_lib :  ITTAPI function not implemented: __itt_id_create
3874925 : 0x2b5e45a418c7d9 : 2 : ittapi_config_apply_per_lib :  ITTAPI function not implemented: __itt_id_destroy
3874925 : 0x2b5e45a418d539 : 2 : ittapi_config_apply_per_lib :  ITTAPI function instrumented: __itt_get_timestamp
3874925 : 0x2b5e45a418e45d : 2 : ittapi_config_apply_per_lib :  ITTAPI function not implemented: __itt_region_begin
3874925 : 0x2b5e45a418f27f : 2 : ittapi_config_apply_per_lib :  ITTAPI function not implemented: __itt_region_end
3874925 : 0x2b5e45a4190087 : 2 : ittapi_config_apply_per_lib :  ITTAPI function instrumented: __itt_frame_begin_v3
3874925 : 0x2b5e45a4194525 : 2 : ittapi_config_apply_per_lib :  ITTAPI function instrumented: __itt_frame_end_v3
3874925 : 0x2b5e45a41951a1 : 2 : ittapi_config_apply_per_lib :  ITTAPI function instrumented: __itt_frame_submit_v3
3874925 : 0x2b5e45a41960b9 : 2 : ittapi_config_apply_per_lib :  ITTAPI function not implemented: __itt_task_group
3874925 : 0x2b5e45a4197105 : 2 : ittapi_config_apply_per_lib :  ITTAPI function instrumented: __itt_task_begin
3874925 : 0x2b5e45a4197e15 : 2 : ittapi_config_apply_per_lib :  ITTAPI function instrumented: __itt_task_begin_fn
3874925 : 0x2b5e45a4198b41 : 2 : ittapi_config_apply_per_lib :  ITTAPI function instrumented: __itt_task_end
3874925 : 0x2b5e45a4199a5b : 2 : ittapi_config_apply_per_lib :  ITTAPI function not implemented: __itt_counter_inc_v3
3874925 : 0x2b5e45a419a94b : 2 : ittapi_config_apply_per_lib :  ITTAPI function not implemented: __itt_counter_inc_delta_v3
3874925 : 0x2b5e45a419b8c1 : 2 : ittapi_config_apply_per_lib :  ITTAPI function not implemented: __itt_counter_dec_v3
3874925 : 0x2b5e45a419c791 : 2 : ittapi_config_apply_per_lib :  ITTAPI function not implemented: __itt_counter_dec_delta_v3
3874925 : 0x2b5e45a41a07c7 : 2 : ittapi_config_apply_per_lib :  ITTAPI function not implemented: __itt_marker
3874925 : 0x2b5e45a41a18fd : 2 : ittapi_config_apply_per_lib :  ITTAPI function instrumented: __itt_metadata_add
3874925 : 0x2b5e45a41a2883 : 2 : ittapi_config_apply_per_lib :  ITTAPI function not implemented: __itt_metadata_str_add
3874925 : 0x2b5e45a41a37c1 : 2 : ittapi_config_apply_per_lib :  ITTAPI function not implemented: __itt_relation_add_to_current
3874925 : 0x2b5e45a41a4601 : 2 : ittapi_config_apply_per_lib :  ITTAPI function not implemented: __itt_relation_add
3874925 : 0x2b5e45a41a53eb : 2 : ittapi_config_apply_per_lib :  ITTAPI function instrumented: __itt_event_create
3874925 : 0x2b5e45a41a62d7 : 2 : ittapi_config_apply_per_lib :  ITTAPI function instrumented: __itt_event_start
3874925 : 0x2b5e45a41a7125 : 2 : ittapi_config_apply_per_lib :  ITTAPI function instrumented: __itt_event_end
3874925 : 0x2b5e45a41a7941 : 2 : ittapi_config_apply_per_lib :  ITTAPI function NOT instrumented (not matched by --itt-config option): __itt_sync_set_name

3874925 : 0x2b5e45a41a805d : 2 : ittapi_config_apply_per_lib :  ITTAPI function NOT instrumented (not matched by --itt-config option): __itt_notify_sync_name

3874925 : 0x2b5e45a41b38c7 : 2 : ittapi_config_apply_per_lib :  ITTAPI function NOT instrumented (not matched by --itt-config option): __itt_notify_sync_prepare

3874925 : 0x2b5e45a41b413f : 2 : ittapi_config_apply_per_lib :  ITTAPI function NOT instrumented (not matched by --itt-config option): __itt_notify_sync_cancel

3874925 : 0x2b5e45a41b4735 : 2 : ittapi_config_apply_per_lib :  ITTAPI function NOT instrumented (not matched by --itt-config option): __itt_notify_sync_acquired

3874925 : 0x2b5e45a41b4d0b : 2 : ittapi_config_apply_per_lib :  ITTAPI function NOT instrumented (not matched by --itt-config option): __itt_notify_sync_releasing

3874925 : 0x2b5e45a41b5e43 : 2 : ittapi_config_apply_per_lib :  ITTAPI function not implemented: __itt_memory_read
3874925 : 0x2b5e45a41b6dcd : 2 : ittapi_config_apply_per_lib :  ITTAPI function not implemented: __itt_memory_write
3874925 : 0x2b5e45a41b7cd9 : 2 : ittapi_config_apply_per_lib :  ITTAPI function not implemented: __itt_memory_update
3874925 : 0x2b5e45a41b8b6d : 2 : ittapi_config_apply_per_lib :  ITTAPI function not implemented: __itt_state_get
3874925 : 0x2b5e45a41b9aeb : 2 : ittapi_config_apply_per_lib :  ITTAPI function not implemented: __itt_state_set
3874925 : 0x2b5e45a41bad05 : 2 : ittapi_config_apply_per_lib :  ITTAPI function not implemented: __itt_obj_mode_set
3874925 : 0x2b5e45a41c104d : 2 : ittapi_config_apply_per_lib :  ITTAPI function not implemented: __itt_thr_mode_set
3874925 : 0x2b5e45a41c20fd : 2 : ittapi_config_apply_per_lib :  ITTAPI function instrumented: __itt_frame_create
3874925 : 0x2b5e45a41c2fc9 : 2 : ittapi_config_apply_per_lib :  ITTAPI function instrumented: __itt_pt_region_create
3874925 : 0x2b5e45a41c3edf : 2 : ittapi_config_apply_per_lib :  ITTAPI function instrumented: __itt_frame_begin
3874925 : 0x2b5e45a41c4dbb : 2 : ittapi_config_apply_per_lib :  ITTAPI function instrumented: __itt_frame_end
3874925 : 0x2b5e45a41c5d07 : 2 : ittapi_config_apply_per_lib :  ITTAPI function not implemented: __itt_counter_destroy
3874925 : 0x2b5e45a41c6bff : 2 : ittapi_config_apply_per_lib :  ITTAPI function instrumented: __itt_counter_inc
3874925 : 0x2b5e45a41c7bdd : 2 : ittapi_config_apply_per_lib :  ITTAPI function instrumented: __itt_counter_inc_delta
3874925 : 0x2b5e45a41c8a8d : 2 : ittapi_config_apply_per_lib :  ITTAPI function instrumented: __itt_counter_dec
3874925 : 0x2b5e45a41c991b : 2 : ittapi_config_apply_per_lib :  ITTAPI function instrumented: __itt_counter_dec_delta
3874925 : 0x2b5e45a41cf49b : 2 : ittapi_config_apply_per_lib :  ITTAPI function instrumented: __itt_counter_set_value
3874925 : 0x2b5e45a41d042d : 2 : ittapi_config_apply_per_lib :  ITTAPI function not implemented: __itt_counter_set_value_ex
3874925 : 0x2b5e45a41d1525 : 2 : ittapi_config_apply_per_lib :  ITTAPI function not implemented: __itt_mark_create
3874925 : 0x2b5e45a41d25d7 : 2 : ittapi_config_apply_per_lib :  ITTAPI function not implemented: __itt_mark
3874925 : 0x2b5e45a41d403d : 2 : ittapi_config_apply_per_lib :  ITTAPI function not implemented: __itt_mark_off
3874925 : 0x2b5e45a41d518f : 2 : ittapi_config_apply_per_lib :  ITTAPI function not implemented: __itt_mark_global
3874925 : 0x2b5e45a41d6011 : 2 : ittapi_config_apply_per_lib :  ITTAPI function not implemented: __itt_mark_global_off
3874925 : 0x2b5e45a41d7309 : 2 : ittapi_config_apply_per_lib :  ITTAPI function instrumented: __itt_stack_caller_create
3874925 : 0x2b5e45a41d8151 : 2 : ittapi_config_apply_per_lib :  ITTAPI function instrumented: __itt_stack_caller_destroy
3874925 : 0x2b5e45a41d9035 : 2 : ittapi_config_apply_per_lib :  ITTAPI function instrumented: __itt_stack_callee_enter
3874925 : 0x2b5e45a41df5f1 : 2 : ittapi_config_apply_per_lib :  ITTAPI function instrumented: __itt_stack_callee_leave
3874925 : 0x2b5e45a41e0427 : 2 : ittapi_config_apply_per_lib :  ITTAPI function not implemented: __itt_clock_domain_create
3874925 : 0x2b5e45a41e1241 : 2 : ittapi_config_apply_per_lib :  ITTAPI function not implemented: __itt_clock_domain_reset
3874925 : 0x2b5e45a41e2081 : 2 : ittapi_config_apply_per_lib :  ITTAPI function not implemented: __itt_id_create_ex
3874925 : 0x2b5e45a41e2d87 : 2 : ittapi_config_apply_per_lib :  ITTAPI function not implemented: __itt_id_destroy_ex
3874925 : 0x2b5e45a41e3b1b : 2 : ittapi_config_apply_per_lib :  ITTAPI function not implemented: __itt_task_begin_ex
3874925 : 0x2b5e45a41e4b1f : 2 : ittapi_config_apply_per_lib :  ITTAPI function not implemented: __itt_task_begin_fn_ex
3874925 : 0x2b5e45a41e5ac5 : 2 : ittapi_config_apply_per_lib :  ITTAPI function not implemented: __itt_task_end_ex
3874925 : 0x2b5e45a41e6dd3 : 2 : ittapi_config_apply_per_lib :  ITTAPI function instrumented: __itt_task_begin_overlapped
3874925 : 0x2b5e45a41e80c5 : 2 : ittapi_config_apply_per_lib :  ITTAPI function not implemented: __itt_task_begin_overlapped_ex
3874925 : 0x2b5e45a41edb73 : 2 : ittapi_config_apply_per_lib :  ITTAPI function instrumented: __itt_task_end_overlapped
3874925 : 0x2b5e45a41eeaa1 : 2 : ittapi_config_apply_per_lib :  ITTAPI function not implemented: __itt_task_end_overlapped_ex
3874925 : 0x2b5e45a41efa3f : 2 : ittapi_config_apply_per_lib :  ITTAPI function not implemented: __itt_marker_ex
3874925 : 0x2b5e45a41f0a91 : 2 : ittapi_config_apply_per_lib :  ITTAPI function not implemented: __itt_metadata_add_with_scope
3874925 : 0x2b5e45a41f18bd : 2 : ittapi_config_apply_per_lib :  ITTAPI function not implemented: __itt_metadata_str_add_with_scope
3874925 : 0x2b5e45a41f26cf : 2 : ittapi_config_apply_per_lib :  ITTAPI function not implemented: __itt_relation_add_to_current_ex
3874925 : 0x2b5e45a41f3461 : 2 : ittapi_config_apply_per_lib :  ITTAPI function not implemented: __itt_relation_add_ex
3874925 : 0x2b5e45a41f41f7 : 2 : ittapi_config_apply_per_lib :  ITTAPI function not implemented: __itt_track_group_create
3874925 : 0x2b5e45a41f4e6b : 2 : ittapi_config_apply_per_lib :  ITTAPI function not implemented: __itt_track_create
3874925 : 0x2b5e45a41f5da5 : 2 : ittapi_config_apply_per_lib :  ITTAPI function not implemented: __itt_set_track
3874925 : 0x2b5e45a41faf97 : 2 : ittapi_config_apply_per_lib :  ITTAPI function instrumented: __itt_api_version
3874925 : 0x2b5e45a41fbeb5 : 2 : ittapi_config_apply_per_lib :  ITTAPI function not implemented: __itt_av_save
3874925 : 0x2b5e45a42023e1 : 2 : ittapi_config_apply_per_lib :  ITTAPI function instrumented: __itt_module_load
3874925 : 0x2b5e45a42033f7 : 2 : ittapi_config_apply_per_lib :  ITTAPI function not implemented: __itt_module_unload
3874925 : 0x2b5e45a4203bb7 : 2 : ittapi_config_apply_per_lib :  ITTAPI function NOT instrumented (not matched by --itt-config option): __itt_histogram_submit

3874925 : 0x2b5e45a4204bf1 : 2 : ittapi_config_apply_per_lib :  ITTAPI function instrumented: __itt_counter_set_value_v3